# JRE version: OpenJDK Runtime Environment (17.0.6) (build 17.0.6+0-b2043.56-10027231)
# Java VM: OpenJDK 64-Bit Server VM (17.0.6+0-b2043.56-10027231, mixed mode, tiered, compressed oops, compressed class ptrs, g1 gc, windows-amd64)
GC Precious Log:
 CPUs: 16 total, 16 available
 Memory: 16066M
 Large Page Support: Disabled
 NUMA Support: Disabled
 Compressed Oops: Enabled (32-bit)
 Heap Region Size: 1M
 Heap Min Capacity: 8M
 Heap Initial Capacity: 252M
 Heap Max Capacity: 2G
 Pre-touch: Disabled
 Parallel Workers: 13
 Concurrent Workers: 3
 Concurrent Refinement Workers: 13
 Periodic GC: Disabled
Heap:
 garbage-first heap   total 258048K, used 138408K [0x0000000080000000, 0x0000000100000000)
  region size 1024K, 1 young (1024K), 1 survivors (1024K)
 Metaspace       used 107279K, committed 108032K, reserved 1146880K
  class space    used 14304K, committed 14656K, reserved 1048576K
GC Heap History (20 events):
Event: 29.316 GC heap after
{Heap after GC invocations=23 (full 0):
 garbage-first heap   total 163840K, used 86514K [0x0000000080000000, 0x0000000100000000)
  region size 1024K, 8 young (8192K), 8 survivors (8192K)
 Metaspace       used 95294K, committed 95936K, reserved 1138688K
  class space    used 12855K, committed 13184K, reserved 1048576K
}
Event: 30.968 GC heap before
{Heap before GC invocations=24 (full 0):
 garbage-first heap   total 163840K, used 131570K [0x0000000080000000, 0x0000000100000000)
  region size 1024K, 52 young (53248K), 8 survivors (8192K)
 Metaspace       used 98283K, committed 98944K, reserved 1138688K
  class space    used 13195K, committed 13504K, reserved 1048576K
}
Event: 30.980 GC heap after
{Heap after GC invocations=25 (full 0):
 garbage-first heap   total 163840K, used 94095K [0x0000000080000000, 0x0000000100000000)
  region size 1024K, 7 young (7168K), 7 survivors (7168K)
 Metaspace       used 98283K, committed 98944K, reserved 1138688K
  class space    used 13195K, committed 13504K, reserved 1048576K
}
Event: 31.044 GC heap before
{Heap before GC invocations=25 (full 0):
 garbage-first heap   total 163840K, used 95119K [0x0000000080000000, 0x0000000100000000)
  region size 1024K, 8 young (8192K), 7 survivors (7168K)
 Metaspace       used 98289K, committed 98944K, reserved 1138688K
  class space    used 13195K, committed 13504K, reserved 1048576K
}
Event: 31.051 GC heap after
{Heap after GC invocations=26 (full 0):
 garbage-first heap   total 163840K, used 95334K [0x0000000080000000, 0x0000000100000000)
  region size 1024K, 1 young (1024K), 1 survivors (1024K)
 Metaspace       used 98289K, committed 98944K, reserved 1138688K
  class space    used 13195K, committed 13504K, reserved 1048576K
}
Event: 32.617 GC heap before
{Heap before GC invocations=26 (full 0):
 garbage-first heap   total 163840K, used 132198K [0x0000000080000000, 0x0000000100000000)
  region size 1024K, 37 young (37888K), 1 survivors (1024K)
 Metaspace       used 99212K, committed 99904K, reserved 1138688K
  class space    used 13363K, committed 13696K, reserved 1048576K
}
Event: 32.629 GC heap after
{Heap after GC invocations=27 (full 0):
 garbage-first heap   total 163840K, used 100800K [0x0000000080000000, 0x0000000100000000)
  region size 1024K, 5 young (5120K), 5 survivors (5120K)
 Metaspace       used 99212K, committed 99904K, reserved 1138688K
  class space    used 13363K, committed 13696K, reserved 1048576K
}
Event: 33.222 GC heap before
{Heap before GC invocations=28 (full 0):
 garbage-first heap   total 183296K, used 130496K [0x0000000080000000, 0x0000000100000000)
  region size 1024K, 35 young (35840K), 5 survivors (5120K)
 Metaspace       used 99301K, committed 99968K, reserved 1138688K
  class space    used 13364K, committed 13696K, reserved 1048576K
}
Event: 33.233 GC heap after
{Heap after GC invocations=29 (full 0):
 garbage-first heap   total 183296K, used 103430K [0x0000000080000000, 0x0000000100000000)
  region size 1024K, 4 young (4096K), 4 survivors (4096K)
 Metaspace       used 99301K, committed 99968K, reserved 1138688K
  class space    used 13364K, committed 13696K, reserved 1048576K
}
Event: 33.299 GC heap before
{Heap before GC invocations=29 (full 0):
 garbage-first heap   total 183296K, used 106502K [0x0000000080000000, 0x0000000100000000)
  region size 1024K, 8 young (8192K), 4 survivors (4096K)
 Metaspace       used 99335K, committed 100032K, reserved 1138688K
  class space    used 13364K, committed 13696K, reserved 1048576K
}
Event: 33.306 GC heap after
{Heap after GC invocations=30 (full 0):
 garbage-first heap   total 183296K, used 102615K [0x0000000080000000, 0x0000000100000000)
  region size 1024K, 1 young (1024K), 1 survivors (1024K)
 Metaspace       used 99335K, committed 100032K, reserved 1138688K
  class space    used 13364K, committed 13696K, reserved 1048576K
}
Event: 34.262 GC heap before
{Heap before GC invocations=30 (full 0):
 garbage-first heap   total 183296K, used 146647K [0x0000000080000000, 0x0000000100000000)
  region size 1024K, 45 young (46080K), 1 survivors (1024K)
 Metaspace       used 99642K, committed 100288K, reserved 1138688K
  class space    used 13375K, committed 13696K, reserved 1048576K
}
Event: 34.268 GC heap after
{Heap after GC invocations=31 (full 0):
 garbage-first heap   total 183296K, used 106575K [0x0000000080000000, 0x0000000100000000)
  region size 1024K, 5 young (5120K), 5 survivors (5120K)
 Metaspace       used 99642K, committed 100288K, reserved 1138688K
  class space    used 13375K, committed 13696K, reserved 1048576K
}
Event: 35.536 GC heap before
{Heap before GC invocations=31 (full 0):
 garbage-first heap   total 183296K, used 150607K [0x0000000080000000, 0x0000000100000000)
  region size 1024K, 46 young (47104K), 5 survivors (5120K)
 Metaspace       used 102636K, committed 103424K, reserved 1138688K
  class space    used 13779K, committed 14144K, reserved 1048576K
}
Event: 35.546 GC heap after
{Heap after GC invocations=32 (full 0):
 garbage-first heap   total 183296K, used 125822K [0x0000000080000000, 0x0000000100000000)
  region size 1024K, 6 young (6144K), 6 survivors (6144K)
 Metaspace       used 102636K, committed 103424K, reserved 1138688K
  class space    used 13779K, committed 14144K, reserved 1048576K
}
Event: 36.404 GC heap before
{Heap before GC invocations=32 (full 0):
 garbage-first heap   total 183296K, used 146302K [0x0000000080000000, 0x0000000100000000)
  region size 1024K, 27 young (27648K), 6 survivors (6144K)
 Metaspace       used 105443K, committed 106176K, reserved 1146880K
  class space    used 14102K, committed 14464K, reserved 1048576K
}
Event: 36.412 GC heap after
{Heap after GC invocations=33 (full 0):
 garbage-first heap   total 183296K, used 130632K [0x0000000080000000, 0x0000000100000000)
  region size 1024K, 4 young (4096K), 4 survivors (4096K)
 Metaspace       used 105443K, committed 106176K, reserved 1146880K
  class space    used 14102K, committed 14464K, reserved 1048576K
}
Event: 37.004 GC heap before
{Heap before GC invocations=34 (full 0):
 garbage-first heap   total 230400K, used 176712K [0x0000000080000000, 0x0000000100000000)
  region size 1024K, 22 young (22528K), 4 survivors (4096K)
 Metaspace       used 106500K, committed 107200K, reserved 1146880K
  class space    used 14209K, committed 14528K, reserved 1048576K
}
Event: 37.017 GC heap after
{Heap after GC invocations=35 (full 0):
 garbage-first heap   total 230400K, used 138113K [0x0000000080000000, 0x0000000100000000)
  region size 1024K, 3 young (3072K), 3 survivors (3072K)
 Metaspace       used 106500K, committed 107200K, reserved 1146880K
  class space    used 14209K, committed 14528K, reserved 1048576K
}
Event: 37.353 GC heap before
{Heap before GC invocations=35 (full 0):
 garbage-first heap   total 230400K, used 145281K [0x0000000080000000, 0x0000000100000000)
  region size 1024K, 11 young (11264K), 3 survivors (3072K)
 Metaspace       used 107279K, committed 108032K, reserved 1146880K
  class space    used 14304K, committed 14656K, reserved 1048576K
}

